0.06255376,MC_NEUTRAL,0,True
1.125968,MC_NEUTRAL,0,False
1.90007,MC_NEUTRAL,0,True
2.517789,MC_NEUTRAL,0,False
3.651576,MC_NEUTRAL,0,True
5.887872,MC_NEUTRAL,0,False
6.153726,MC_NEUTRAL,0,True
9.899132,MC_NEUTRAL,0,False
10.25882,MC_NEUTRAL,0,True
17.77309,MC_NEUTRAL,0,False
19.29783,MC_NEUTRAL,0,True
22.42552,MC_NEUTRAL,0,False
23.27,MC_NEUTRAL,0,True
23.39511,MC_NEUTRAL,0,False
26.54625,MC_NEUTRAL,0,True
26.77301,MC_NEUTRAL,0,False
27.28908,MC_NEUTRAL,0,True
27.422,MC_NEUTRAL,0,False
28.16483,MC_NEUTRAL,0,True
28.90766,MC_NEUTRAL,0,False
29.52537,MC_NEUTRAL,0,True
30.16655,MC_NEUTRAL,0,False
30.40113,MC_NEUTRAL,0,True
38.81461,MC_NEUTRAL,0,False
41.91102,MC_NEUTRAL,0,True
42.17687,MC_NEUTRAL,0,False
42.56001,MC_NEUTRAL,0,True
46.93096,MC_NEUTRAL,0,False
47.29064,MC_NEUTRAL,0,True
47.5565,MC_NEUTRAL,0,False
49.16725,MC_NEUTRAL,0,True
60.43475,MC_NEUTRAL,0,False
61.19321,MC_NEUTRAL,0,True
61.5529,MC_NEUTRAL,0,False
70.06803,MC_NEUTRAL,0,True
70.33388,MC_NEUTRAL,0,False
72.06975,MC_NEUTRAL,0,True
72.68747,MC_NEUTRAL,0,False
73.69614,MC_NEUTRAL,0,True
77.08968,MC_NEUTRAL,0,False
77.31644,MC_NEUTRAL,0,True
78.1922,MC_NEUTRAL,0,False
78.58316,MC_NEUTRAL,0,True
98.11557,MC_NEUTRAL,0,False
98.50653,MC_NEUTRAL,0,True
187.458,MC_NEUTRAL,0,False
188.1695,MC_NEUTRAL,0,False
188.9436,MC_NEUTRAL,0,True
189.2017,MC_NEUTRAL,0,False
189.5848,MC_NEUTRAL,0,True
190.4293,MC_NEUTRAL,0,False
191.7898,MC_NEUTRAL,0,True
193.0722,MC_NEUTRAL,0,False
213.7227,MC_NEUTRAL,0,True
215.3335,MC_NEUTRAL,0,False
215.8417,MC_NEUTRAL,0,True
216.6471,MC_NEUTRAL,0,False
216.8504,MC_NEUTRAL,0,True
219.5715,MC_NEUTRAL,0,False
219.9703,MC_NEUTRAL,0,True
230.6201,MC_NEUTRAL,0,False
230.8234,MC_NEUTRAL,0,True
234.9519,MC_NEUTRAL,0,False
235.7573,MC_NEUTRAL,0,True
235.9606,MC_NEUTRAL,0,False
236.2655,MC_NEUTRAL,0,True
239.5887,MC_NEUTRAL,0,False
240.3941,MC_NEUTRAL,0,True
240.5974,MC_NEUTRAL,0,False
240.9023,MC_NEUTRAL,0,True
242.9119,MC_NEUTRAL,0,False
245.8441,MC_NEUTRAL,0,True
246.6416,MC_NEUTRAL,0,False
248.4244,MC_NEUTRAL,0,True
249.222,MC_NEUTRAL,0,False
249.5269,MC_NEUTRAL,0,True
250.5356,MC_NEUTRAL,0,False
251.036,MC_NEUTRAL,0,True
251.2393,MC_NEUTRAL,0,False
251.7476,MC_NEUTRAL,0,True
251.8414,MC_NEUTRAL,0,False
252.7563,MC_NEUTRAL,0,True
253.0456,MC_NEUTRAL,0,False
253.7571,MC_NEUTRAL,0,True
254.1559,MC_NEUTRAL,0,False
254.8675,MC_NEUTRAL,0,True
255.1646,MC_NEUTRAL,0,False
258.347,MC_NEUTRAL,0,True
258.7536,MC_NEUTRAL,0,False
258.8553,MC_NEUTRAL,0,True
259.8561,MC_NEUTRAL,0,False
260.0594,MC_NEUTRAL,0,True
260.3566,MC_NEUTRAL,0,False
261.3105,MC_NEUTRAL,0,True
262.1159,MC_NEUTRAL,0,False
263.7345,MC_NEUTRAL,0,True
265.2514,MC_NEUTRAL,0,False
266.6588,MC_NEUTRAL,0,True
266.8622,MC_NEUTRAL,0,False
267.8708,MC_NEUTRAL,0,True
268.0741,MC_NEUTRAL,0,False
268.3791,MC_NEUTRAL,0,True
270.3964,MC_NEUTRAL,0,False
270.4981,MC_NEUTRAL,0,True
272.8204,MC_NEUTRAL,0,False
274.9394,MC_NEUTRAL,0,True
276.0497,MC_NEUTRAL,0,False
276.7534,MC_NEUTRAL,0,True
278.5675,MC_NEUTRAL,0,False
279.5762,MC_NEUTRAL,0,True
280.5849,MC_NEUTRAL,0,False
281.2886,MC_NEUTRAL,0,True
289.7725,MC_NEUTRAL,0,False
290.5779,MC_NEUTRAL,0,True
290.6795,MC_NEUTRAL,0,False
291.3832,MC_NEUTRAL,0,True
435.9059,MC_NEUTRAL,0,False
437.6886,MC_NEUTRAL,0,True
441.8328,MC_NEUTRAL,0,False
442.9431,MC_NEUTRAL,0,True
541.2698,MC_NEUTRAL,0,False
541.9814,MC_NEUTRAL,0,True
559.1446,MC_NEUTRAL,0,False
559.4495,MC_NEUTRAL,0,True
683.6656,MC_NEUTRAL,0,False
691.5396,MC_NEUTRAL,0,True
696.4892,MC_NEUTRAL,0,False
702.0408,MC_NEUTRAL,0,True
702.9479,MC_NEUTRAL,0,False
716.3656,MC_NEUTRAL,0,True
716.5689,MC_NEUTRAL,0,False
718.5863,MC_NEUTRAL,0,True
718.6879,MC_NEUTRAL,0,False
719.6966,MC_NEUTRAL,0,True
719.7983,MC_NEUTRAL,0,False
720.4081,MC_NEUTRAL,0,True
722.5272,MC_NEUTRAL,0,False
722.6288,MC_NEUTRAL,0,True
725.4515,MC_NEUTRAL,0,False
726.7652,MC_NEUTRAL,0,True
727.4689,MC_NEUTRAL,0,False
731.9102,MC_NEUTRAL,0,True
732.2152,MC_NEUTRAL,0,False
733.9354,MC_NEUTRAL,0,True
735.9528,MC_NEUTRAL,0,False
736.9614,MC_NEUTRAL,0,True
742.8102,MC_NEUTRAL,0,False
745.719,MC_NEUTRAL,0,True
746.4227,MC_NEUTRAL,0,False
748.7372,MC_NEUTRAL,0,True
749.0422,MC_NEUTRAL,0,False
752.4748,MC_NEUTRAL,0,True
754.8987,MC_NEUTRAL,0,False
755.8058,MC_NEUTRAL,0,True
756.1107,MC_NEUTRAL,0,False
758.5347,MC_NEUTRAL,0,True
760.9196,MC_NEUTRAL,0,False
765.0481,MC_NEUTRAL,0,True
765.8535,MC_NEUTRAL,0,False
768.9733,MC_NEUTRAL,0,True
769.075,MC_NEUTRAL,0,False
769.4659,MC_NEUTRAL,0,True
771.1783,MC_NEUTRAL,0,False
772.0776,MC_NEUTRAL,0,True
775.002,MC_NEUTRAL,0,False
777.4181,MC_NEUTRAL,0,True
777.6214,MC_NEUTRAL,0,False
788.7247,MC_NEUTRAL,0,True
788.8264,MC_NEUTRAL,0,False
791.649,MC_NEUTRAL,0,True
792.5561,MC_NEUTRAL,0,False
793.0643,MC_NEUTRAL,0,True
793.5648,MC_NEUTRAL,0,False
794.4718,MC_NEUTRAL,0,True
796.192,MC_NEUTRAL,0,False
798.8193,MC_NEUTRAL,0,True
800.1329,MC_NEUTRAL,0,False
801.1416,MC_NEUTRAL,0,True
801.3371,MC_NEUTRAL,0,False
802.1503,MC_NEUTRAL,0,True
803.159,MC_NEUTRAL,0,False
804.4726,MC_NEUTRAL,0,True
804.5742,MC_NEUTRAL,0,False
811.0329,MC_NEUTRAL,0,True
811.2362,MC_NEUTRAL,0,False
811.7444,MC_NEUTRAL,0,True
812.4482,MC_NEUTRAL,0,False
814.2623,MC_NEUTRAL,0,True
815.2709,MC_NEUTRAL,0,False
815.5759,MC_NEUTRAL,0,True
817.5933,MC_NEUTRAL,0,False
818.1015,MC_NEUTRAL,0,True
818.9069,MC_NEUTRAL,0,False
819.2119,MC_NEUTRAL,0,True
820.2205,MC_NEUTRAL,0,False
820.4238,MC_NEUTRAL,0,True
821.3308,MC_NEUTRAL,0,False
822.2379,MC_NEUTRAL,0,True
1039.268,MC_NEUTRAL,0,False
1040.425,MC_NEUTRAL,0,True
1040.644,MC_NEUTRAL,0,False
1041.426,MC_NEUTRAL,0,True
1057.205,MC_NEUTRAL,0,False
1057.815,MC_NEUTRAL,0,True
1123.911,MC_NEUTRAL,0,False
1124.513,MC_NEUTRAL,0,True
1160.255,MC_NEUTRAL,0,False
1160.959,MC_NEUTRAL,0,True
1199.421,MC_NEUTRAL,0,False
1200.227,MC_NEUTRAL,0,True
1247.736,MC_NEUTRAL,0,False
1249.347,MC_NEUTRAL,0,True
1257.026,MC_NEUTRAL,0,False
1257.221,MC_NEUTRAL,0,True
1276.394,MC_NEUTRAL,0,False
1277.981,MC_NEUTRAL,0,True
